Connected to Server: us-central1
Waiting for a Connection with Room ID:96RKD7
Attempting to connect to KP8K8J
enwiks Has Connected
[MonkeyDunluckY] Chose to go Second
[MonkeyDunluckY] Mulligan
[enwiks] Draw 1 Don
[enwiks] Deploy Capone "Gang" Bege [ST02-004]
[enwiks] End Turn
[MonkeyDunluckY] Draw 1 Card
[MonkeyDunluckY] Draw 2 Don
[MonkeyDunluckY] Kin'emon [OP02-025]: Next Wano Country Cost 3 or Higher is Cheaper
[MonkeyDunluckY] Deploy Raizo [OP01-052]
[MonkeyDunluckY] End Turn
[enwiks] Draw 1 Card
[enwiks] Draw 2 Don
[enwiks] Kin'emon [OP02-025]: Next Wano Country Cost 3 or Higher is Cheaper
[enwiks] Deploy Okiku [OP01-035]
[enwiks] Attach 1 Don to Kin'emon [OP02-025] (1 Total)
[enwiks] Kin'emon [OP02-025] attacking Kin'emon [OP02-025]
Kin'emon [OP02-025][6000] vs Kin'emon [OP02-025][5000]
[enwiks] End Turn
[MonkeyDunluckY] Draw 1 Card
[MonkeyDunluckY] Draw 2 Don
[MonkeyDunluckY] Kin'emon [OP02-025]: Next Wano Country Cost 3 or Higher is Cheaper
[MonkeyDunluckY] Deploy Kozuki Momonosuke [OP01-041]
[MonkeyDunluckY] Reveal and Draw Paradise Waterfall [OP01-057] [OP01-057]
[MonkeyDunluckY] Attach 1 Don to Raizo [OP01-052] (1 Total)
[MonkeyDunluckY] Raizo [OP01-052] attacking Kin'emon [OP02-025]
[MonkeyDunluckY] Raizo [OP01-052]: Draw 1 Card
[enwiks] Discard Kozuki Toki [OP02-031] for Counter 1000
Raizo [OP01-052][5000] vs Kin'emon [OP02-025][6000]
Attack Fails
[MonkeyDunluckY] Kin'emon [OP02-025] attacking Kin'emon [OP02-025]
Kin'emon [OP02-025][5000] vs Kin'emon [OP02-025][5000]
[MonkeyDunluckY] End Turn
[enwiks] Draw 1 Card
[enwiks] Draw 2 Don
[enwiks] Capone "Gang" Bege [ST02-004] attacking Kozuki Momonosuke [OP01-041]
Capone "Gang" Bege [ST02-004][1000] vs Kozuki Momonosuke [OP01-041][0]
[MonkeyDunluckY] Kozuki Momonosuke [OP01-041] Destroyed
[enwiks] Attach 1 Don to Okiku [OP01-035] (1 Total)
[enwiks] Okiku [OP01-035] attacking Raizo [OP01-052]
[MonkeyDunluckY] Paradise Waterfall [OP01-057]: Set Raizo [OP01-052] to Active
[MonkeyDunluckY] Paradise Waterfall [OP01-057]: Counter 2000
[MonkeyDunluckY] Discard Jewelry Bonney [ST02-007] for Counter 1000
Okiku [OP01-035][6000] vs Raizo [OP01-052][7000]
Attack Fails
[enwiks] Deploy Yamato [OP02-042]
[enwiks] Yamato [OP02-042]: Rest Raizo [OP01-052]
[enwiks] Kin'emon [OP02-025] attacking Raizo [OP01-052]
[MonkeyDunluckY] Discard Izou [OP01-033] for Counter 2000
Kin'emon [OP02-025][5000] vs Raizo [OP01-052][6000]
Attack Fails
[enwiks] End Turn
[MonkeyDunluckY] Draw 1 Card
[MonkeyDunluckY] Draw 2 Don
[MonkeyDunluckY] Kin'emon [OP02-025]: Next Wano Country Cost 3 or Higher is Cheaper
[MonkeyDunluckY] Deploy Jewelry Bonney [ST02-007]
[MonkeyDunluckY] Reveal and Draw Capone "Gang" Bege [ST02-004] [ST02-004]
[MonkeyDunluckY] Raizo [OP01-052] attacking Capone "Gang" Bege [ST02-004]
[MonkeyDunluckY] Raizo [OP01-052]: Draw 1 Card
Raizo [OP01-052][4000] vs Capone "Gang" Bege [ST02-004][1000]
[enwiks] Capone "Gang" Bege [ST02-004] Destroyed
[MonkeyDunluckY] Attach 1 Don to Kin'emon [OP02-025] (1 Total)
[MonkeyDunluckY] Attach 1 Don to Kin'emon [OP02-025] (2 Total)
[MonkeyDunluckY] Kin'emon [OP02-025] attacking Okiku [OP01-035]
Kin'emon [OP02-025][7000] vs Okiku [OP01-035][5000]
[enwiks] Okiku [OP01-035] Destroyed
[MonkeyDunluckY] End Turn
[enwiks] Draw 1 Card
[enwiks] Draw 2 Don
[enwiks] Yamato [OP02-042] attacking Raizo [OP01-052]
Yamato [OP02-042][6000] vs Raizo [OP01-052][4000]
[MonkeyDunluckY] Raizo [OP01-052] Destroyed
[enwiks] Kin'emon [OP02-025]: Next Wano Country Cost 3 or Higher is Cheaper
[enwiks] Kin'emon [OP02-025] attacking Jewelry Bonney [ST02-007]
Kin'emon [OP02-025][5000] vs Jewelry Bonney [ST02-007][1000]
[MonkeyDunluckY] Jewelry Bonney [ST02-007] Destroyed
[enwiks] Deploy Kozuki Oden [OP02-030]
[enwiks] End Turn
[MonkeyDunluckY] Draw 1 Card
[MonkeyDunluckY] Draw 2 Don
[MonkeyDunluckY] Kin'emon [OP02-025]: Next Wano Country Cost 3 or Higher is Cheaper
[MonkeyDunluckY] Deploy Kozuki Oden [OP02-030]
[MonkeyDunluckY] Kin'emon [OP02-025] attacking Kin'emon [OP02-025]
Kin'emon [OP02-025][5000] vs Kin'emon [OP02-025][5000]
[MonkeyDunluckY] Deploy Capone "Gang" Bege [ST02-004]
[MonkeyDunluckY] End Turn
[enwiks] Draw 1 Card
[enwiks] Draw 2 Don
[enwiks] Kozuki Oden [OP02-030] attacking Kin'emon [OP02-025]
[MonkeyDunluckY] Capone "Gang" Bege [ST02-004] Blocks
Kozuki Oden [OP02-030][8000] vs Capone "Gang" Bege [ST02-004][1000]
[MonkeyDunluckY] Capone "Gang" Bege [ST02-004] Destroyed
[enwiks] Yamato [OP02-042] attacking Kin'emon [OP02-025]
[MonkeyDunluckY] Discard Izou [OP01-033] for Counter 2000
Yamato [OP02-042][6000] vs Kin'emon [OP02-025][7000]
Attack Fails
[enwiks] Kin'emon [OP02-025] attacking Kin'emon [OP02-025]
Kin'emon [OP02-025][5000] vs Kin'emon [OP02-025][5000]
[enwiks] Deploy Jewelry Bonney [ST02-007]
[enwiks] Reveal and Draw Punk Gibson [OP01-058] [OP01-058]
[enwiks] Deploy Okiku [OP01-035]
[enwiks] Deploy Capone "Gang" Bege [ST02-004]
[enwiks] Kozuki Oden [OP02-030]: Set to Active
[enwiks] End Turn
[MonkeyDunluckY] Draw 1 Card
[MonkeyDunluckY] Draw 2 Don
[MonkeyDunluckY] Kin'emon [OP02-025] attacking Jewelry Bonney [ST02-007]
Kin'emon [OP02-025][5000] vs Jewelry Bonney [ST02-007][1000]
[enwiks] Jewelry Bonney [ST02-007] Destroyed
[MonkeyDunluckY] Kozuki Oden [OP02-030] attacking Yamato [OP02-042]
[enwiks] Capone "Gang" Bege [ST02-004] Blocks
Kozuki Oden [OP02-030][8000] vs Capone "Gang" Bege [ST02-004][1000]
[enwiks] Capone "Gang" Bege [ST02-004] Destroyed
[MonkeyDunluckY] Kozuki Oden [OP02-030]: Set to Active
[MonkeyDunluckY] Kozuki Oden [OP02-030] attacking Yamato [OP02-042]
[enwiks] Discard Izou [OP01-033] for Counter 2000
[enwiks] Discard X.Drake [OP01-054] for Counter 1000
Kozuki Oden [OP02-030][8000] vs Yamato [OP02-042][9000]
Attack Fails
[MonkeyDunluckY] Deploy Capone "Gang" Bege [ST02-004]
[MonkeyDunluckY] Deploy Trafalgar Law [OP01-047]
[MonkeyDunluckY] Trafalgar Law [OP01-047]: Return Capone "Gang" Bege [ST02-004] to Hand
[MonkeyDunluckY] Trafalgar Law [OP01-047]: Deploy Okiku [OP01-035]
[MonkeyDunluckY] Deploy Capone "Gang" Bege [ST02-004]
[MonkeyDunluckY] End Turn
[enwiks] Draw 1 Card
[enwiks] Draw 2 Don
[enwiks] Deploy Yamato [OP02-042]
[enwiks] Yamato [OP02-042]: Rest Trafalgar Law [OP01-047]
[enwiks] Attach 1 Don to Okiku [OP01-035] (1 Total)
[enwiks] Okiku [OP01-035] attacking Trafalgar Law [OP01-047]
[enwiks] Okiku [OP01-035]: Rest Capone "Gang" Bege [ST02-004]
[MonkeyDunluckY] Discard Killer [OP01-039] for Counter 1000
Okiku [OP01-035][6000] vs Trafalgar Law [OP01-047][7000]
Attack Fails
[enwiks] Yamato [OP02-042] attacking Trafalgar Law [OP01-047]
Yamato [OP02-042][6000] vs Trafalgar Law [OP01-047][6000]
[MonkeyDunluckY] Trafalgar Law [OP01-047] Destroyed
[enwiks] Kin'emon [OP02-025] attacking Capone "Gang" Bege [ST02-004]
Kin'emon [OP02-025][5000] vs Capone "Gang" Bege [ST02-004][1000]
[MonkeyDunluckY] Capone "Gang" Bege [ST02-004] Destroyed
[enwiks] Attach 2 Don to Kozuki Oden [OP02-030] (2 Total)
[enwiks] Kozuki Oden [OP02-030] attacking Kozuki Oden [OP02-030]
Kozuki Oden [OP02-030][10000] vs Kozuki Oden [OP02-030][8000]
[MonkeyDunluckY] Kozuki Oden [OP02-030] Destroyed
[MonkeyDunluckY] Kozuki Oden [OP02-030]: Deploy Okiku [OP01-035] from Deck
[enwiks] End Turn
[MonkeyDunluckY] Draw 1 Card
[MonkeyDunluckY] Kin'emon [OP02-025] attacking Okiku [OP01-035]
Kin'emon [OP02-025][5000] vs Okiku [OP01-035][5000]
[enwiks] Okiku [OP01-035] Destroyed
[MonkeyDunluckY] Deploy Kozuki Oden [OP02-030]
[MonkeyDunluckY] End Turn
[enwiks] Draw 1 Card
[enwiks] Yamato [OP02-042] attacking Kin'emon [OP02-025]
[MonkeyDunluckY] Punk Gibson [OP01-058]: Rest Yamato [OP02-042]
[MonkeyDunluckY] Punk Gibson [OP01-058]: Counter 4000
Yamato [OP02-042][6000] vs Kin'emon [OP02-025][9000]
Attack Fails
[enwiks] Attach 1 Don to Kozuki Oden [OP02-030] (1 Total)
[enwiks] Kozuki Oden [OP02-030] attacking Kin'emon [OP02-025]
Kozuki Oden [OP02-030][9000] vs Kin'emon [OP02-025][5000]
[enwiks] Attach 2 Don to Kin'emon [OP02-025] (2 Total)
[enwiks] Kin'emon [OP02-025] attacking Kin'emon [OP02-025]
Kin'emon [OP02-025][7000] vs Kin'emon [OP02-025][5000]
[enwiks] Kozuki Oden [OP02-030]: Set to Active
[enwiks] Kozuki Oden [OP02-030] attacking Kin'emon [OP02-025]
Kozuki Oden [OP02-030][9000] vs Kin'emon [OP02-025][5000]
[enwiks] End Turn
[MonkeyDunluckY] Draw 1 Card
[MonkeyDunluckY] Attach 1 Don to Okiku [OP01-035] (1 Total)
[MonkeyDunluckY] Okiku [OP01-035] attacking Yamato [OP02-042]
[enwiks] Punk Gibson [OP01-058]: Rest Okiku [OP01-035]
[enwiks] Punk Gibson [OP01-058]: Counter 4000
Okiku [OP01-035][6000] vs Yamato [OP02-042][10000]
Attack Fails
[MonkeyDunluckY] Kozuki Oden [OP02-030] attacking Yamato [OP02-042]
Kozuki Oden [OP02-030][8000] vs Yamato [OP02-042][6000]
[enwiks] Yamato [OP02-042] Destroyed
[MonkeyDunluckY] Kozuki Oden [OP02-030]: Set to Active
[MonkeyDunluckY] Attach 1 Don to Kozuki Oden [OP02-030] (1 Total)
[MonkeyDunluckY] Kozuki Oden [OP02-030] attacking Yamato [OP02-042]
Kozuki Oden [OP02-030][9000] vs Yamato [OP02-042][6000]
[enwiks] Yamato [OP02-042] Destroyed
[MonkeyDunluckY] Kin'emon [OP02-025] attacking Kin'emon [OP02-025]
Kin'emon [OP02-025][5000] vs Kin'emon [OP02-025][5000]
[MonkeyDunluckY] Deploy Killer [OP01-039]
[MonkeyDunluckY] Attach 1 Don to Killer [OP01-039] (1 Total)
[MonkeyDunluckY] Deploy Capone "Gang" Bege [ST02-004]
[MonkeyDunluckY] End Turn
[enwiks] Draw 1 Card
[enwiks] Kin'emon [OP02-025]: Next Wano Country Cost 3 or Higher is Cheaper
[enwiks] Deploy Yamato [OP02-042]
[enwiks] Yamato [OP02-042]: Rest Killer [OP01-039]
[enwiks] Kin'emon [OP02-025] attacking Killer [OP01-039]
Kin'emon [OP02-025][5000] vs Killer [OP01-039][2000]
[MonkeyDunluckY] Killer [OP01-039] Destroyed
[enwiks] Kozuki Oden [OP02-030] attacking Kin'emon [OP02-025]
[MonkeyDunluckY] Capone "Gang" Bege [ST02-004] Blocks
Kozuki Oden [OP02-030][8000] vs Capone "Gang" Bege [ST02-004][1000]
[MonkeyDunluckY] Capone "Gang" Bege [ST02-004] Destroyed
[enwiks] Kozuki Oden [OP02-030]: Set to Active
[enwiks] Attach 4 Don to Kozuki Oden [OP02-030] (4 Total)
[enwiks] Kozuki Oden [OP02-030] attacking Kin'emon [OP02-025]
[MonkeyDunluckY] Concedes!
