Setting up a Relay Room...
Connected to Server: europe-west2
Waiting for a Connection with Room ID:B8BF8B
skiwen Has Connected
Version is 1.21a
[skiwen] Leader is Rebecca ["OP04-039">OP04-039]
[skiwen] Leader is Rebecca ["OP04-039">OP04-039]
Starklord Has Connected
Version is 1.21a
[Starklord] Leader is Charlotte Katakuri ["OP03-099">OP03-099]
[skiwen] Will select turn order
[skiwen] Chose to go Second
[Starklord] Draw 1 Don
[Starklord] End Turn
[skiwen] Draw 1 Card
[skiwen] Draw 2 Don
[skiwen] Deploy Gyats ["OP04-080">OP04-080]
[skiwen] <b>Reveal and Draw Rebecca ["OP04-092">OP04-092]</b>
[skiwen] Rebecca ["OP04-039">OP04-039]: Trash 1 Remaining Cards
[skiwen] End Turn
[Starklord] Draw 1 Card
[Starklord] Draw 2 Don
[Starklord] Deploy Holy ["OP05-110">OP05-110]
[Starklord] End Turn
[skiwen] Draw 1 Card
[skiwen] Draw 2 Don
[skiwen] Deploy Kyros ["OP04-082">OP04-082]
[skiwen] Kyros ["OP04-082">OP04-082]: Trash 1 Cards from Deck
[skiwen] End Turn
[Starklord] Draw 1 Card
[Starklord] Draw 2 Don
[Starklord] Deploy Ohm ["OP05-101">OP05-101]
[Starklord] <b>Picked no cards to Draw</b>
[Starklord] Attach 1 Don to Charlotte Katakuri ["OP03-099">OP03-099] (1 Total)
[Starklord] Charlotte Katakuri ["OP03-099">OP03-099] attacking Rebecca ["OP04-039">OP04-039]
[Starklord] Charlotte Katakuri ["OP03-099">OP03-099]: <b>Looked at opponent's top Life</b>
[Starklord] Charlotte Katakuri ["OP03-099">OP03-099]: <b>Left at the Top</b>
[Starklord] Charlotte Katakuri ["OP03-099">OP03-099]: Buff Self 1000 for this Combat
Charlotte Katakuri ["OP03-099">OP03-099][7000] vs Rebecca ["OP04-039">OP04-039][5000]
Rebecca ["OP04-039">OP04-039] hit for 1 damage
[Starklord] End Turn
[skiwen] Draw 1 Card
[skiwen] Draw 2 Don
[skiwen] Deploy Hina ["ST06-008">ST06-008]
[skiwen] Hina ["ST06-008">ST06-008]: Ohm ["OP05-101">OP05-101] Cost -4
[skiwen] Deploy Rebecca ["OP04-092">OP04-092]
[skiwen] <b>Picked no cards to Draw</b>
[skiwen] Rebecca ["OP04-092">OP04-092]: Trash 3 Remaining Cards
[skiwen] Attach 1 Don to Rebecca ["OP04-039">OP04-039] (1 Total)
[skiwen] <b>Reveal and Draw One-Legged Soldier ["OP05-081">OP05-081]</b>
[skiwen] Rebecca ["OP04-039">OP04-039]: Trash 1 Remaining Cards
Ohm ["OP05-101">OP05-101] cost restored
[skiwen] End Turn
[Starklord] Draw 1 Card
[Starklord] Draw 2 Don
[Starklord] Deploy Charlotte Cracker ["OP03-108">OP03-108]
[Starklord] Attach 1 Don to Charlotte Katakuri ["OP03-099">OP03-099] (1 Total)
[Starklord] Charlotte Katakuri ["OP03-099">OP03-099] attacking Rebecca ["OP04-039">OP04-039]
[Starklord] Charlotte Katakuri ["OP03-099">OP03-099]: <b>Looked at opponent's top Life</b>
[Starklord] Charlotte Katakuri ["OP03-099">OP03-099]: <b>Left at the Top</b>
[Starklord] Charlotte Katakuri ["OP03-099">OP03-099]: Buff Self 1000 for this Combat
Charlotte Katakuri ["OP03-099">OP03-099][7000] vs Rebecca ["OP04-039">OP04-039][5000]
Rebecca ["OP04-039">OP04-039] hit for 1 damage
[Starklord] Ohm ["OP05-101">OP05-101] attacking Rebecca ["OP04-039">OP04-039]
Ohm ["OP05-101">OP05-101][5000] vs Rebecca ["OP04-039">OP04-039][5000]
Rebecca ["OP04-039">OP04-039] hit for 1 damage
[Starklord] Holy ["OP05-110">OP05-110] attacking Rebecca ["OP04-039">OP04-039]
Holy ["OP05-110">OP05-110][5000] vs Rebecca ["OP04-039">OP04-039][5000]
Rebecca ["OP04-039">OP04-039] hit for 1 damage
[Starklord] End Turn
[skiwen] Draw 1 Card
[skiwen] Draw 2 Don
[skiwen] End Turn
[Starklord] Draw 1 Card
[Starklord] Draw 2 Don
[Starklord] Charlotte Cracker ["OP03-108">OP03-108] attacking Rebecca ["OP04-039">OP04-039]
Charlotte Cracker ["OP03-108">OP03-108][5000] vs Rebecca ["OP04-039">OP04-039][5000]
Rebecca ["OP04-039">OP04-039] hit for 1 damage
[Starklord] Attach 9 Don to Charlotte Katakuri ["OP03-099">OP03-099] (9 Total)
[Starklord] Charlotte Katakuri ["OP03-099">OP03-099] attacking Rebecca ["OP04-039">OP04-039]
[Starklord] Charlotte Katakuri ["OP03-099">OP03-099]: <b>Looked at their own top Life</b>
[Starklord] Charlotte Katakuri ["OP03-099">OP03-099]: <b>Left at the Top</b>
[Starklord] Charlotte Katakuri ["OP03-099">OP03-099]: Buff Self 1000 for this Combat
[skiwen] Discard Bartolomeo ["OP04-089">OP04-089] for Counter 2000
[skiwen] Discard Sabo ["OP04-083">OP04-083] for Counter 1000
[skiwen] Discard Orlombus ["OP04-079">OP04-079] for Counter 1000
[skiwen] Discard Orlombus ["OP04-079">OP04-079] for Counter 1000
[skiwen] Discard One-Legged Soldier ["OP05-081">OP05-081] for Counter 2000
[skiwen] Discard Mansherry ["OP05-088">OP05-088] for Counter 1000
[skiwen] Discard Ideo ["OP04-077">OP04-077] for Counter 1000
[skiwen] Discard Rebecca ["OP04-092">OP04-092] for Counter 1000
Charlotte Katakuri ["OP03-099">OP03-099][15000] vs Rebecca ["OP04-039">OP04-039][15000]
Rebecca ["OP04-039">OP04-039] hit for 1 damage
[skiwen] Loses!
[Starklord] Wins!
GameOver
